<?xml version="1.0" encoding="UTF-8"?>
<testsuite xmlns:xsi="http://www.w3.org/2001/XMLSchema-instance" xsi:noNamespaceSchemaLocation="https://maven.apache.org/surefire/maven-surefire-plugin/xsd/surefire-test-report.xsd" name="template.java17.Java17ApplicationTests" time="2.94" tests="1" errors="0" skipped="0" failures="0">
  <properties>
    <property name="java.specification.version" value="17"/>
    <property name="sun.jnu.encoding" value="UTF-8"/>
    <property name="java.class.path" value="/home/sava/projects/spring-boot-boilerplate-java17/target/test-classes:/home/sava/projects/spring-boot-boilerplate-java17/target/classes:/home/sava/.m2/repository/org/springframework/boot/spring-boot-starter-security/3.0.0-SNAPSHOT/spring-boot-starter-security-3.0.0-SNAPSHOT.jar:/home/sava/.m2/repository/org/springframework/boot/spring-boot-starter/3.0.0-SNAPSHOT/spring-boot-starter-3.0.0-SNAPSHOT.jar:/home/sava/.m2/repository/org/springframework/boot/spring-boot/3.0.0-SNAPSHOT/spring-boot-3.0.0-SNAPSHOT.jar:/home/sava/.m2/repository/org/springframework/boot/spring-boot-autoconfigure/3.0.0-SNAPSHOT/spring-boot-autoconfigure-3.0.0-SNAPSHOT.jar:/home/sava/.m2/repository/org/springframework/boot/spring-boot-starter-logging/3.0.0-SNAPSHOT/spring-boot-starter-logging-3.0.0-SNAPSHOT.jar:/home/sava/.m2/repository/ch/qos/logback/logback-classic/1.2.10/logback-classic-1.2.10.jar:/home/sava/.m2/repository/ch/qos/logback/logback-core/1.2.10/logback-core-1.2.10.jar:/home/sava/.m2/repository/org/apache/logging/log4j/log4j-to-slf4j/2.17.1/log4j-to-slf4j-2.17.1.jar:/home/sava/.m2/repository/org/apache/logging/log4j/log4j-api/2.17.1/log4j-api-2.17.1.jar:/home/sava/.m2/repository/org/slf4j/jul-to-slf4j/1.7.36/jul-to-slf4j-1.7.36.jar:/home/sava/.m2/repository/jakarta/annotation/jakarta.annotation-api/2.0.0/jakarta.annotation-api-2.0.0.jar:/home/sava/.m2/repository/org/yaml/snakeyaml/1.30/snakeyaml-1.30.jar:/home/sava/.m2/repository/org/springframework/spring-aop/6.0.0-M2/spring-aop-6.0.0-M2.jar:/home/sava/.m2/repository/org/springframework/spring-beans/6.0.0-M2/spring-beans-6.0.0-M2.jar:/home/sava/.m2/repository/org/springframework/security/spring-security-config/6.0.0-M1/spring-security-config-6.0.0-M1.jar:/home/sava/.m2/repository/org/springframework/spring-context/6.0.0-M2/spring-context-6.0.0-M2.jar:/home/sava/.m2/repository/org/springframework/security/spring-security-web/6.0.0-M1/spring-security-web-6.0.0-M1.jar:/home/sava/.m2/repository/org/springframework/spring-expression/6.0.0-M2/spring-expression-6.0.0-M2.jar:/home/sava/.m2/repository/org/springframework/boot/spring-boot-starter-web/3.0.0-SNAPSHOT/spring-boot-starter-web-3.0.0-SNAPSHOT.jar:/home/sava/.m2/repository/org/springframework/boot/spring-boot-starter-json/3.0.0-SNAPSHOT/spring-boot-starter-json-3.0.0-SNAPSHOT.jar:/home/sava/.m2/repository/com/fasterxml/jackson/core/jackson-databind/2.13.1/jackson-databind-2.13.1.jar:/home/sava/.m2/repository/com/fasterxml/jackson/core/jackson-annotations/2.13.1/jackson-annotations-2.13.1.jar:/home/sava/.m2/repository/com/fasterxml/jackson/core/jackson-core/2.13.1/jackson-core-2.13.1.jar:/home/sava/.m2/repository/com/fasterxml/jackson/datatype/jackson-datatype-jdk8/2.13.1/jackson-datatype-jdk8-2.13.1.jar:/home/sava/.m2/repository/com/fasterxml/jackson/datatype/jackson-datatype-jsr310/2.13.1/jackson-datatype-jsr310-2.13.1.jar:/home/sava/.m2/repository/com/fasterxml/jackson/module/jackson-module-parameter-names/2.13.1/jackson-module-parameter-names-2.13.1.jar:/home/sava/.m2/repository/org/springframework/boot/spring-boot-starter-tomcat/3.0.0-SNAPSHOT/spring-boot-starter-tomcat-3.0.0-SNAPSHOT.jar:/home/sava/.m2/repository/org/apache/tomcat/embed/tomcat-embed-core/10.0.16/tomcat-embed-core-10.0.16.jar:/home/sava/.m2/repository/org/apache/tomcat/embed/tomcat-embed-el/10.0.16/tomcat-embed-el-10.0.16.jar:/home/sava/.m2/repository/org/apache/tomcat/embed/tomcat-embed-websocket/10.0.16/tomcat-embed-websocket-10.0.16.jar:/home/sava/.m2/repository/org/springframework/spring-web/6.0.0-M2/spring-web-6.0.0-M2.jar:/home/sava/.m2/repository/org/springframework/spring-webmvc/6.0.0-M2/spring-webmvc-6.0.0-M2.jar:/home/sava/.m2/repository/org/flywaydb/flyway-core/8.5.1/flyway-core-8.5.1.jar:/home/sava/.m2/repository/org/postgresql/postgresql/42.3.3/postgresql-42.3.3.jar:/home/sava/.m2/repository/org/checkerframework/checker-qual/3.5.0/checker-qual-3.5.0.jar:/home/sava/.m2/repository/org/projectlombok/lombok/1.18.22/lombok-1.18.22.jar:/home/sava/.m2/repository/org/springframework/boot/spring-boot-starter-test/3.0.0-SNAPSHOT/spring-boot-starter-test-3.0.0-SNAPSHOT.jar:/home/sava/.m2/repository/org/springframework/boot/spring-boot-test/3.0.0-SNAPSHOT/spring-boot-test-3.0.0-SNAPSHOT.jar:/home/sava/.m2/repository/org/springframework/boot/spring-boot-test-autoconfigure/3.0.0-SNAPSHOT/spring-boot-test-autoconfigure-3.0.0-SNAPSHOT.jar:/home/sava/.m2/repository/com/jayway/jsonpath/json-path/2.7.0/json-path-2.7.0.jar:/home/sava/.m2/repository/net/minidev/json-smart/2.4.8/json-smart-2.4.8.jar:/home/sava/.m2/repository/net/minidev/accessors-smart/2.4.8/accessors-smart-2.4.8.jar:/home/sava/.m2/repository/org/ow2/asm/asm/9.1/asm-9.1.jar:/home/sava/.m2/repository/org/slf4j/slf4j-api/1.7.36/slf4j-api-1.7.36.jar:/home/sava/.m2/repository/org/assertj/assertj-core/3.22.0/assertj-core-3.22.0.jar:/home/sava/.m2/repository/org/hamcrest/hamcrest/2.2/hamcrest-2.2.jar:/home/sava/.m2/repository/org/junit/jupiter/junit-jupiter/5.8.2/junit-jupiter-5.8.2.jar:/home/sava/.m2/repository/org/junit/jupiter/junit-jupiter-api/5.8.2/junit-jupiter-api-5.8.2.jar:/home/sava/.m2/repository/org/opentest4j/opentest4j/1.2.0/opentest4j-1.2.0.jar:/home/sava/.m2/repository/org/junit/platform/junit-platform-commons/1.8.2/junit-platform-commons-1.8.2.jar:/home/sava/.m2/repository/org/apiguardian/apiguardian-api/1.1.2/apiguardian-api-1.1.2.jar:/home/sava/.m2/repository/org/junit/jupiter/junit-jupiter-params/5.8.2/junit-jupiter-params-5.8.2.jar:/home/sava/.m2/repository/org/junit/jupiter/junit-jupiter-engine/5.8.2/junit-jupiter-engine-5.8.2.jar:/home/sava/.m2/repository/org/junit/platform/junit-platform-engine/1.8.2/junit-platform-engine-1.8.2.jar:/home/sava/.m2/repository/org/mockito/mockito-core/4.3.1/mockito-core-4.3.1.jar:/home/sava/.m2/repository/net/bytebuddy/byte-buddy/1.12.8/byte-buddy-1.12.8.jar:/home/sava/.m2/repository/net/bytebuddy/byte-buddy-agent/1.12.8/byte-buddy-agent-1.12.8.jar:/home/sava/.m2/repository/org/objenesis/objenesis/3.2/objenesis-3.2.jar:/home/sava/.m2/repository/org/mockito/mockito-junit-jupiter/4.3.1/mockito-junit-jupiter-4.3.1.jar:/home/sava/.m2/repository/org/skyscreamer/jsonassert/1.5.0/jsonassert-1.5.0.jar:/home/sava/.m2/repository/com/vaadin/external/google/android-json/0.0.20131108.vaadin1/android-json-0.0.20131108.vaadin1.jar:/home/sava/.m2/repository/org/springframework/spring-core/6.0.0-M2/spring-core-6.0.0-M2.jar:/home/sava/.m2/repository/org/springframework/spring-jcl/6.0.0-M2/spring-jcl-6.0.0-M2.jar:/home/sava/.m2/repository/org/springframework/spring-test/6.0.0-M2/spring-test-6.0.0-M2.jar:/home/sava/.m2/repository/org/xmlunit/xmlunit-core/2.9.0/xmlunit-core-2.9.0.jar:/home/sava/.m2/repository/org/springframework/security/spring-security-test/6.0.0-M1/spring-security-test-6.0.0-M1.jar:/home/sava/.m2/repository/org/springframework/security/spring-security-core/6.0.0-M1/spring-security-core-6.0.0-M1.jar:/home/sava/.m2/repository/org/springframework/security/spring-security-crypto/6.0.0-M1/spring-security-crypto-6.0.0-M1.jar:/home/sava/.m2/repository/io/jsonwebtoken/jjwt-api/0.11.2/jjwt-api-0.11.2.jar:/home/sava/.m2/repository/jakarta/xml/bind/jakarta.xml.bind-api/2.3.3/jakarta.xml.bind-api-2.3.3.jar:/home/sava/.m2/repository/jakarta/activation/jakarta.activation-api/2.0.1/jakarta.activation-api-2.0.1.jar:"/>
    <property name="java.vm.vendor" value="Oracle Corporation"/>
    <property name="sun.arch.data.model" value="64"/>
    <property name="java.vendor.url" value="https://openjdk.java.net/"/>
    <property name="os.name" value="Linux"/>
    <property name="java.vm.specification.version" value="17"/>
    <property name="sun.java.launcher" value="SUN_STANDARD"/>
    <property name="user.country" value="US"/>
    <property name="sun.boot.library.path" value="/usr/lib/jvm/java-17-openjdk/lib"/>
    <property name="sun.java.command" value="/home/sava/projects/spring-boot-boilerplate-java17/target/surefire/surefirebooter10633447737760278153.jar /home/sava/projects/spring-boot-boilerplate-java17/target/surefire 2022-02-28T21-58-06_198-jvmRun1 surefire8841000105242691078tmp surefire_02174237141493995648tmp"/>
    <property name="jdk.debug" value="release"/>
    <property name="surefire.test.class.path" value="/home/sava/projects/spring-boot-boilerplate-java17/target/test-classes:/home/sava/projects/spring-boot-boilerplate-java17/target/classes:/home/sava/.m2/repository/org/springframework/boot/spring-boot-starter-security/3.0.0-SNAPSHOT/spring-boot-starter-security-3.0.0-SNAPSHOT.jar:/home/sava/.m2/repository/org/springframework/boot/spring-boot-starter/3.0.0-SNAPSHOT/spring-boot-starter-3.0.0-SNAPSHOT.jar:/home/sava/.m2/repository/org/springframework/boot/spring-boot/3.0.0-SNAPSHOT/spring-boot-3.0.0-SNAPSHOT.jar:/home/sava/.m2/repository/org/springframework/boot/spring-boot-autoconfigure/3.0.0-SNAPSHOT/spring-boot-autoconfigure-3.0.0-SNAPSHOT.jar:/home/sava/.m2/repository/org/springframework/boot/spring-boot-starter-logging/3.0.0-SNAPSHOT/spring-boot-starter-logging-3.0.0-SNAPSHOT.jar:/home/sava/.m2/repository/ch/qos/logback/logback-classic/1.2.10/logback-classic-1.2.10.jar:/home/sava/.m2/repository/ch/qos/logback/logback-core/1.2.10/logback-core-1.2.10.jar:/home/sava/.m2/repository/org/apache/logging/log4j/log4j-to-slf4j/2.17.1/log4j-to-slf4j-2.17.1.jar:/home/sava/.m2/repository/org/apache/logging/log4j/log4j-api/2.17.1/log4j-api-2.17.1.jar:/home/sava/.m2/repository/org/slf4j/jul-to-slf4j/1.7.36/jul-to-slf4j-1.7.36.jar:/home/sava/.m2/repository/jakarta/annotation/jakarta.annotation-api/2.0.0/jakarta.annotation-api-2.0.0.jar:/home/sava/.m2/repository/org/yaml/snakeyaml/1.30/snakeyaml-1.30.jar:/home/sava/.m2/repository/org/springframework/spring-aop/6.0.0-M2/spring-aop-6.0.0-M2.jar:/home/sava/.m2/repository/org/springframework/spring-beans/6.0.0-M2/spring-beans-6.0.0-M2.jar:/home/sava/.m2/repository/org/springframework/security/spring-security-config/6.0.0-M1/spring-security-config-6.0.0-M1.jar:/home/sava/.m2/repository/org/springframework/spring-context/6.0.0-M2/spring-context-6.0.0-M2.jar:/home/sava/.m2/repository/org/springframework/security/spring-security-web/6.0.0-M1/spring-security-web-6.0.0-M1.jar:/home/sava/.m2/repository/org/springframework/spring-expression/6.0.0-M2/spring-expression-6.0.0-M2.jar:/home/sava/.m2/repository/org/springframework/boot/spring-boot-starter-web/3.0.0-SNAPSHOT/spring-boot-starter-web-3.0.0-SNAPSHOT.jar:/home/sava/.m2/repository/org/springframework/boot/spring-boot-starter-json/3.0.0-SNAPSHOT/spring-boot-starter-json-3.0.0-SNAPSHOT.jar:/home/sava/.m2/repository/com/fasterxml/jackson/core/jackson-databind/2.13.1/jackson-databind-2.13.1.jar:/home/sava/.m2/repository/com/fasterxml/jackson/core/jackson-annotations/2.13.1/jackson-annotations-2.13.1.jar:/home/sava/.m2/repository/com/fasterxml/jackson/core/jackson-core/2.13.1/jackson-core-2.13.1.jar:/home/sava/.m2/repository/com/fasterxml/jackson/datatype/jackson-datatype-jdk8/2.13.1/jackson-datatype-jdk8-2.13.1.jar:/home/sava/.m2/repository/com/fasterxml/jackson/datatype/jackson-datatype-jsr310/2.13.1/jackson-datatype-jsr310-2.13.1.jar:/home/sava/.m2/repository/com/fasterxml/jackson/module/jackson-module-parameter-names/2.13.1/jackson-module-parameter-names-2.13.1.jar:/home/sava/.m2/repository/org/springframework/boot/spring-boot-starter-tomcat/3.0.0-SNAPSHOT/spring-boot-starter-tomcat-3.0.0-SNAPSHOT.jar:/home/sava/.m2/repository/org/apache/tomcat/embed/tomcat-embed-core/10.0.16/tomcat-embed-core-10.0.16.jar:/home/sava/.m2/repository/org/apache/tomcat/embed/tomcat-embed-el/10.0.16/tomcat-embed-el-10.0.16.jar:/home/sava/.m2/repository/org/apache/tomcat/embed/tomcat-embed-websocket/10.0.16/tomcat-embed-websocket-10.0.16.jar:/home/sava/.m2/repository/org/springframework/spring-web/6.0.0-M2/spring-web-6.0.0-M2.jar:/home/sava/.m2/repository/org/springframework/spring-webmvc/6.0.0-M2/spring-webmvc-6.0.0-M2.jar:/home/sava/.m2/repository/org/flywaydb/flyway-core/8.5.1/flyway-core-8.5.1.jar:/home/sava/.m2/repository/org/postgresql/postgresql/42.3.3/postgresql-42.3.3.jar:/home/sava/.m2/repository/org/checkerframework/checker-qual/3.5.0/checker-qual-3.5.0.jar:/home/sava/.m2/repository/org/projectlombok/lombok/1.18.22/lombok-1.18.22.jar:/home/sava/.m2/repository/org/springframework/boot/spring-boot-starter-test/3.0.0-SNAPSHOT/spring-boot-starter-test-3.0.0-SNAPSHOT.jar:/home/sava/.m2/repository/org/springframework/boot/spring-boot-test/3.0.0-SNAPSHOT/spring-boot-test-3.0.0-SNAPSHOT.jar:/home/sava/.m2/repository/org/springframework/boot/spring-boot-test-autoconfigure/3.0.0-SNAPSHOT/spring-boot-test-autoconfigure-3.0.0-SNAPSHOT.jar:/home/sava/.m2/repository/com/jayway/jsonpath/json-path/2.7.0/json-path-2.7.0.jar:/home/sava/.m2/repository/net/minidev/json-smart/2.4.8/json-smart-2.4.8.jar:/home/sava/.m2/repository/net/minidev/accessors-smart/2.4.8/accessors-smart-2.4.8.jar:/home/sava/.m2/repository/org/ow2/asm/asm/9.1/asm-9.1.jar:/home/sava/.m2/repository/org/slf4j/slf4j-api/1.7.36/slf4j-api-1.7.36.jar:/home/sava/.m2/repository/org/assertj/assertj-core/3.22.0/assertj-core-3.22.0.jar:/home/sava/.m2/repository/org/hamcrest/hamcrest/2.2/hamcrest-2.2.jar:/home/sava/.m2/repository/org/junit/jupiter/junit-jupiter/5.8.2/junit-jupiter-5.8.2.jar:/home/sava/.m2/repository/org/junit/jupiter/junit-jupiter-api/5.8.2/junit-jupiter-api-5.8.2.jar:/home/sava/.m2/repository/org/opentest4j/opentest4j/1.2.0/opentest4j-1.2.0.jar:/home/sava/.m2/repository/org/junit/platform/junit-platform-commons/1.8.2/junit-platform-commons-1.8.2.jar:/home/sava/.m2/repository/org/apiguardian/apiguardian-api/1.1.2/apiguardian-api-1.1.2.jar:/home/sava/.m2/repository/org/junit/jupiter/junit-jupiter-params/5.8.2/junit-jupiter-params-5.8.2.jar:/home/sava/.m2/repository/org/junit/jupiter/junit-jupiter-engine/5.8.2/junit-jupiter-engine-5.8.2.jar:/home/sava/.m2/repository/org/junit/platform/junit-platform-engine/1.8.2/junit-platform-engine-1.8.2.jar:/home/sava/.m2/repository/org/mockito/mockito-core/4.3.1/mockito-core-4.3.1.jar:/home/sava/.m2/repository/net/bytebuddy/byte-buddy/1.12.8/byte-buddy-1.12.8.jar:/home/sava/.m2/repository/net/bytebuddy/byte-buddy-agent/1.12.8/byte-buddy-agent-1.12.8.jar:/home/sava/.m2/repository/org/objenesis/objenesis/3.2/objenesis-3.2.jar:/home/sava/.m2/repository/org/mockito/mockito-junit-jupiter/4.3.1/mockito-junit-jupiter-4.3.1.jar:/home/sava/.m2/repository/org/skyscreamer/jsonassert/1.5.0/jsonassert-1.5.0.jar:/home/sava/.m2/repository/com/vaadin/external/google/android-json/0.0.20131108.vaadin1/android-json-0.0.20131108.vaadin1.jar:/home/sava/.m2/repository/org/springframework/spring-core/6.0.0-M2/spring-core-6.0.0-M2.jar:/home/sava/.m2/repository/org/springframework/spring-jcl/6.0.0-M2/spring-jcl-6.0.0-M2.jar:/home/sava/.m2/repository/org/springframework/spring-test/6.0.0-M2/spring-test-6.0.0-M2.jar:/home/sava/.m2/repository/org/xmlunit/xmlunit-core/2.9.0/xmlunit-core-2.9.0.jar:/home/sava/.m2/repository/org/springframework/security/spring-security-test/6.0.0-M1/spring-security-test-6.0.0-M1.jar:/home/sava/.m2/repository/org/springframework/security/spring-security-core/6.0.0-M1/spring-security-core-6.0.0-M1.jar:/home/sava/.m2/repository/org/springframework/security/spring-security-crypto/6.0.0-M1/spring-security-crypto-6.0.0-M1.jar:/home/sava/.m2/repository/io/jsonwebtoken/jjwt-api/0.11.2/jjwt-api-0.11.2.jar:/home/sava/.m2/repository/jakarta/xml/bind/jakarta.xml.bind-api/2.3.3/jakarta.xml.bind-api-2.3.3.jar:/home/sava/.m2/repository/jakarta/activation/jakarta.activation-api/2.0.1/jakarta.activation-api-2.0.1.jar:"/>
    <property name="sun.cpu.endian" value="little"/>
    <property name="user.home" value="/home/sava"/>
    <property name="user.language" value="en"/>
    <property name="java.specification.vendor" value="Oracle Corporation"/>
    <property name="java.version.date" value="2022-04-19"/>
    <property name="java.home" value="/usr/lib/jvm/java-17-openjdk"/>
    <property name="file.separator" value="/"/>
    <property name="basedir" value="/home/sava/projects/spring-boot-boilerplate-java17"/>
    <property name="java.vm.compressedOopsMode" value="Zero based"/>
    <property name="line.separator" value="&#10;"/>
    <property name="java.vm.specification.vendor" value="Oracle Corporation"/>
    <property name="java.specification.name" value="Java Platform API Specification"/>
    <property name="surefire.real.class.path" value="/home/sava/projects/spring-boot-boilerplate-java17/target/surefire/surefirebooter10633447737760278153.jar"/>
    <property name="sun.management.compiler" value="HotSpot 64-Bit Tiered Compilers"/>
    <property name="java.runtime.version" value="17.0.3+3"/>
    <property name="user.name" value="sava"/>
    <property name="path.separator" value=":"/>
    <property name="os.version" value="5.15.25-1-lts"/>
    <property name="java.runtime.name" value="OpenJDK Runtime Environment"/>
    <property name="file.encoding" value="UTF-8"/>
    <property name="java.vm.name" value="OpenJDK 64-Bit Server VM"/>
    <property name="localRepository" value="/home/sava/.m2/repository"/>
    <property name="java.vendor.url.bug" value="https://bugreport.java.com/bugreport/"/>
    <property name="java.io.tmpdir" value="/tmp"/>
    <property name="idea.version" value="2021.3.2"/>
    <property name="java.version" value="17.0.3"/>
    <property name="user.dir" value="/home/sava/projects/spring-boot-boilerplate-java17"/>
    <property name="os.arch" value="amd64"/>
    <property name="java.vm.specification.name" value="Java Virtual Machine Specification"/>
    <property name="native.encoding" value="UTF-8"/>
    <property name="java.library.path" value="/usr/java/packages/lib:/usr/lib64:/lib64:/lib:/usr/lib"/>
    <property name="java.vm.info" value="mixed mode"/>
    <property name="java.vendor" value="N/A"/>
    <property name="java.vm.version" value="17.0.3+3"/>
    <property name="sun.io.unicode.encoding" value="UnicodeLittle"/>
    <property name="java.class.version" value="61.0"/>
  </properties>
  <testcase name="contextLoads" classname="template.java17.Java17ApplicationTests" time="0.448"/>
</testsuite>